<?xml version="1.0" encoding="UTF-8"?>
<!-- Generated by org.testng.reporters.JUnitXMLReporter -->
<testsuite ignored="4" hostname="Charan" failures="0" tests="1" name="Default test" time="16.753" errors="0" timestamp="2026-06-21T19:30:32 IST">
  <testcase classname="com.orangehrm.tests.LoginTest_01" name="emptyPassword" time="0.56"/>
  <testcase classname="com.orangehrm.tests.LoginTest_01" name="invalidPassword" time="0.0">
    <ignored/>
  </testcase> <!-- invalidPassword -->
  <testcase classname="com.orangehrm.tests.LoginTest_01" name="ValidLoginPage" time="0.0">
    <ignored/>
  </testcase> <!-- ValidLoginPage -->
  <testcase classname="com.orangehrm.tests.LoginTest_01" name="emptyUsername" time="0.0">
    <ignored/>
  </testcase> <!-- emptyUsername -->
  <testcase classname="com.orangehrm.tests.LoginTest_01" name="invalidUsername" time="0.0">
    <ignored/>
  </testcase> <!-- invalidUsername -->
</testsuite> <!-- Default test -->
