<?xml version="1.0" encoding="UTF-8"?>
<testng-results ignored="0" total="1" passed="1" failed="0" skipped="0">
  <reporter-output>
  </reporter-output>
  <suite started-at="2026-06-21T19:30:16 IST" name="Default suite" finished-at="2026-06-21T19:30:32 IST" duration-ms="16753">
    <groups>
    </groups>
    <test started-at="2026-06-21T19:30:16 IST" name="Default test" finished-at="2026-06-21T19:30:32 IST" duration-ms="16753">
      <class name="com.orangehrm.tests.LoginTest_01">
        <test-method is-config="true" signature="setup()[pri:0, instance:com.orangehrm.tests.LoginTest_01@47af7f3d]" started-at="2026-06-21T19:30:16 IST" name="setup" finished-at="2026-06-21T19:30:32 IST" duration-ms="16045" status="PASS">
          <reporter-output>
          </reporter-output>
        </test-method> <!-- setup -->
        <test-method signature="emptyPassword()[pri:4, instance:com.orangehrm.tests.LoginTest_01@47af7f3d]" started-at="2026-06-21T19:30:32 IST" name="emptyPassword" finished-at="2026-06-21T19:30:32 IST" duration-ms="560" status="PASS">
          <reporter-output>
          </reporter-output>
        </test-method> <!-- emptyPassword -->
        <test-method is-config="true" signature="Close()[pri:0, instance:com.orangehrm.tests.LoginTest_01@47af7f3d]" started-at="2026-06-21T19:30:32 IST" name="Close" finished-at="2026-06-21T19:30:32 IST" duration-ms="116" status="PASS">
          <reporter-output>
          </reporter-output>
        </test-method> <!-- Close -->
      </class> <!-- com.orangehrm.tests.LoginTest_01 -->
    </test> <!-- Default test -->
  </suite> <!-- Default suite -->
</testng-results>
